<?xml version="1.0" encoding="UTF-8"?>
<testng-results ignored="0" total="1" passed="1" failed="0" skipped="0">
  <reporter-output>
  </reporter-output>
  <suite started-at="2024-06-23T00:54:36 IST" name="Default suite" finished-at="2024-06-23T00:54:39 IST" duration-ms="3125">
    <groups>
    </groups>
    <test started-at="2024-06-23T00:54:36 IST" name="Default test" finished-at="2024-06-23T00:54:39 IST" duration-ms="3125">
      <class name="gitactions.test">
        <test-method signature="test()[pri:0, instance:gitactions.test@67f639d3]" started-at="2024-06-23T00:54:36 IST" name="test" finished-at="2024-06-23T00:54:39 IST" duration-ms="3070" status="PASS">
          <reporter-output>
          </reporter-output>
        </test-method> <!-- test -->
      </class> <!-- gitactions.test -->
    </test> <!-- Default test -->
  </suite> <!-- Default suite -->
</testng-results>
