<?xml version="1.0" encoding="UTF-8"?>
<testng-results ignored="0" total="1" passed="1" failed="0" skipped="0">
  <reporter-output>
  </reporter-output>
  <suite started-at="2024-06-23T01:22:12 IST" name="Default suite" finished-at="2024-06-23T01:22:19 IST" duration-ms="7052">
    <groups>
    </groups>
    <test started-at="2024-06-23T01:22:12 IST" name="Default test" finished-at="2024-06-23T01:22:19 IST" duration-ms="7052">
      <class name="gitactions.test">
        <test-method signature="testcase()[pri:0, instance:gitactions.test@67f639d3]" started-at="2024-06-23T01:22:12 IST" name="testcase" finished-at="2024-06-23T01:22:19 IST" duration-ms="6989" status="PASS">
          <reporter-output>
          </reporter-output>
        </test-method> <!-- testcase -->
      </class> <!-- gitactions.test -->
    </test> <!-- Default test -->
  </suite> <!-- Default suite -->
</testng-results>
